/home/daijh/sdk/rk3588/uefi/Build/RK3588/DEBUG_GCC5/AARCH64/MdeModulePkg/Core/Pei/PeiMain/OUTPUT/PeiCore.lib
/home/daijh/sdk/rk3588/uefi/Build/RK3588/DEBUG_GCC5/AARCH64/ArmPkg/Library/ArmLib/ArmBaseLib/OUTPUT/ArmBaseLib.lib
/home/daijh/sdk/rk3588/uefi/Build/RK3588/DEBUG_GCC5/AARCH64/MdePkg/Library/PeiPcdLib/PeiPcdLib/OUTPUT/PeiPcdLib.lib
/home/daijh/sdk/rk3588/uefi/Build/RK3588/DEBUG_GCC5/AARCH64/ArmPkg/Library/PeiServicesTablePointerLib/PeiServicesTablePointerLib/OUTPUT/PeiServicesTablePointerLib.lib
/home/daijh/sdk/rk3588/uefi/Build/RK3588/DEBUG_GCC5/AARCH64/MdePkg/Library/PeiMemoryAllocationLib/PeiMemoryAllocationLib/OUTPUT/PeiMemoryAllocationLib.lib
/home/daijh/sdk/rk3588/uefi/Build/RK3588/DEBUG_GCC5/AARCH64/MdePkg/Library/BaseLib/BaseLib/OUTPUT/BaseLib.lib
/home/daijh/sdk/rk3588/uefi/Build/RK3588/DEBUG_GCC5/AARCH64/MdePkg/Library/PeiHobLib/PeiHobLib/OUTPUT/PeiHobLib.lib
/home/daijh/sdk/rk3588/uefi/Build/RK3588/DEBUG_GCC5/AARCH64/MdePkg/Library/PeiServicesLib/PeiServicesLib/OUTPUT/PeiServicesLib.lib
/home/daijh/sdk/rk3588/uefi/Build/RK3588/DEBUG_GCC5/AARCH64/MdePkg/Library/BaseMemoryLib/BaseMemoryLib/OUTPUT/BaseMemoryLib.lib
/home/daijh/sdk/rk3588/uefi/Build/RK3588/DEBUG_GCC5/AARCH64/MdePkg/Library/RegisterFilterLibNull/RegisterFilterLibNull/OUTPUT/FilterLibNull.lib
/home/daijh/sdk/rk3588/uefi/Build/RK3588/DEBUG_GCC5/AARCH64/MdePkg/Library/BaseIoLibIntrinsic/BaseIoLibIntrinsic/OUTPUT/BaseIoLibIntrinsic.lib
/home/daijh/sdk/rk3588/uefi/Build/RK3588/DEBUG_GCC5/AARCH64/Silicon/Rockchip/Library/SerialPortLib/UartLib/OUTPUT/UartLib.lib
/home/daijh/sdk/rk3588/uefi/Build/RK3588/DEBUG_GCC5/AARCH64/MdePkg/Library/BaseDebugPrintErrorLevelLib/BaseDebugPrintErrorLevelLib/OUTPUT/BaseDebugPrintErrorLevelLib.lib
/home/daijh/sdk/rk3588/uefi/Build/RK3588/DEBUG_GCC5/AARCH64/MdePkg/Library/BasePrintLib/BasePrintLib/OUTPUT/BasePrintLib.lib
/home/daijh/sdk/rk3588/uefi/Build/RK3588/DEBUG_GCC5/AARCH64/Silicon/Rockchip/Library/SerialPortLib/SerialPortLib/OUTPUT/SerialPortLib.lib
/home/daijh/sdk/rk3588/uefi/Build/RK3588/DEBUG_GCC5/AARCH64/MdePkg/Library/BaseDebugLibSerialPort/BaseDebugLibSerialPort/OUTPUT/BaseDebugLibSerialPort.lib
/home/daijh/sdk/rk3588/uefi/Build/RK3588/DEBUG_GCC5/AARCH64/ArmPkg/Library/ArmGenericTimerPhyCounterLib/ArmGenericTimerPhyCounterLib/OUTPUT/ArmGenericTimerPhyCounterLib.lib
/home/daijh/sdk/rk3588/uefi/Build/RK3588/DEBUG_GCC5/AARCH64/MdeModulePkg/Library/OemHookStatusCodeLibNull/OemHookStatusCodeLibNull/OUTPUT/OemHookStatusCodeLibNull.lib
/home/daijh/sdk/rk3588/uefi/Build/RK3588/DEBUG_GCC5/AARCH64/ArmPkg/Library/ArmArchTimerLib/ArmArchTimerLib/OUTPUT/ArmArchTimerLib.lib
/home/daijh/sdk/rk3588/uefi/Build/RK3588/DEBUG_GCC5/AARCH64/ArmPkg/Library/DebugPeCoffExtraActionLib/DebugPeCoffExtraActionLib/OUTPUT/DebugUnixPeCoffExtraActionLib.lib
/home/daijh/sdk/rk3588/uefi/Build/RK3588/DEBUG_GCC5/AARCH64/MdePkg/Library/BasePeCoffGetEntryPointLib/BasePeCoffGetEntryPointLib/OUTPUT/BasePeCoffGetEntryPointLib.lib
/home/daijh/sdk/rk3588/uefi/Build/RK3588/DEBUG_GCC5/AARCH64/MdeModulePkg/Library/PeiReportStatusCodeLib/PeiReportStatusCodeLib/OUTPUT/PeiReportStatusCodeLib.lib
/home/daijh/sdk/rk3588/uefi/Build/RK3588/DEBUG_GCC5/AARCH64/MdeModulePkg/Library/PeiPerformanceLib/PeiPerformanceLib/OUTPUT/PeiPerformanceLib.lib
/home/daijh/sdk/rk3588/uefi/Build/RK3588/DEBUG_GCC5/AARCH64/MdePkg/Library/PeiCoreEntryPoint/PeiCoreEntryPoint/OUTPUT/PeiCoreEntryPoint.lib
/home/daijh/sdk/rk3588/uefi/Build/RK3588/DEBUG_GCC5/AARCH64/ArmPkg/Library/ArmCacheMaintenanceLib/ArmCacheMaintenanceLib/OUTPUT/ArmCacheMaintenanceLib.lib
/home/daijh/sdk/rk3588/uefi/Build/RK3588/DEBUG_GCC5/AARCH64/MdePkg/Library/BasePeCoffLib/BasePeCoffLib/OUTPUT/BasePeCoffLib.lib
/home/daijh/sdk/rk3588/uefi/Build/RK3588/DEBUG_GCC5/AARCH64/ArmPkg/Library/CompilerIntrinsicsLib/CompilerIntrinsicsLib/OUTPUT/CompilerIntrinsicsLib.lib
/home/daijh/sdk/rk3588/uefi/Build/RK3588/DEBUG_GCC5/AARCH64/MdePkg/Library/BaseStackCheckLib/BaseStackCheckLib/OUTPUT/BaseStackCheckLib.lib