/home/daijh/sdk/rk3588/uefi/Build/RK3588/DEBUG_GCC5/AARCH64/EmbeddedPkg/Application/AndroidBoot/AndroidBootApp/OUTPUT/AndroidBootApp.lib
/home/daijh/sdk/rk3588/uefi/Build/RK3588/DEBUG_GCC5/AARCH64/MdePkg/Library/DxePcdLib/DxePcdLib/OUTPUT/DxePcdLib.lib
/home/daijh/sdk/rk3588/uefi/Build/RK3588/DEBUG_GCC5/AARCH64/MdePkg/Library/BaseMemoryLibOptDxe/BaseMemoryLibOptDxe/OUTPUT/BaseMemoryLibOptDxe.lib
/home/daijh/sdk/rk3588/uefi/Build/RK3588/DEBUG_GCC5/AARCH64/MdePkg/Library/BaseLib/BaseLib/OUTPUT/BaseLib.lib
/home/daijh/sdk/rk3588/uefi/Build/RK3588/DEBUG_GCC5/AARCH64/MdePkg/Library/RegisterFilterLibNull/RegisterFilterLibNull/OUTPUT/FilterLibNull.lib
/home/daijh/sdk/rk3588/uefi/Build/RK3588/DEBUG_GCC5/AARCH64/MdePkg/Library/BaseIoLibIntrinsic/BaseIoLibIntrinsic/OUTPUT/BaseIoLibIntrinsic.lib
/home/daijh/sdk/rk3588/uefi/Build/RK3588/DEBUG_GCC5/AARCH64/Silicon/Rockchip/Library/SerialPortLib/UartLib/OUTPUT/UartLib.lib
/home/daijh/sdk/rk3588/uefi/Build/RK3588/DEBUG_GCC5/AARCH64/MdePkg/Library/BaseDebugPrintErrorLevelLib/BaseDebugPrintErrorLevelLib/OUTPUT/BaseDebugPrintErrorLevelLib.lib
/home/daijh/sdk/rk3588/uefi/Build/RK3588/DEBUG_GCC5/AARCH64/Silicon/Rockchip/Library/SerialPortLib/SerialPortLib/OUTPUT/SerialPortLib.lib
/home/daijh/sdk/rk3588/uefi/Build/RK3588/DEBUG_GCC5/AARCH64/MdePkg/Library/BasePrintLib/BasePrintLib/OUTPUT/BasePrintLib.lib
/home/daijh/sdk/rk3588/uefi/Build/RK3588/DEBUG_GCC5/AARCH64/MdePkg/Library/BaseDebugLibSerialPort/BaseDebugLibSerialPort/OUTPUT/BaseDebugLibSerialPort.lib
/home/daijh/sdk/rk3588/uefi/Build/RK3588/DEBUG_GCC5/AARCH64/MdePkg/Library/UefiBootServicesTableLib/UefiBootServicesTableLib/OUTPUT/UefiBootServicesTableLib.lib
/home/daijh/sdk/rk3588/uefi/Build/RK3588/DEBUG_GCC5/AARCH64/MdePkg/Library/UefiMemoryAllocationLib/UefiMemoryAllocationLib/OUTPUT/UefiMemoryAllocationLib.lib
/home/daijh/sdk/rk3588/uefi/Build/RK3588/DEBUG_GCC5/AARCH64/MdePkg/Library/UefiRuntimeServicesTableLib/UefiRuntimeServicesTableLib/OUTPUT/UefiRuntimeServicesTableLib.lib
/home/daijh/sdk/rk3588/uefi/Build/RK3588/DEBUG_GCC5/AARCH64/MdePkg/Library/UefiDevicePathLib/UefiDevicePathLib/OUTPUT/UefiDevicePathLib.lib
/home/daijh/sdk/rk3588/uefi/Build/RK3588/DEBUG_GCC5/AARCH64/MdePkg/Library/UefiLib/UefiLib/OUTPUT/UefiLib.lib
/home/daijh/sdk/rk3588/uefi/Build/RK3588/DEBUG_GCC5/AARCH64/EmbeddedPkg/Library/FdtLib/FdtLib/OUTPUT/FdtLib.lib
/home/daijh/sdk/rk3588/uefi/Build/RK3588/DEBUG_GCC5/AARCH64/edk2/EmbeddedPkg/Library/AndroidBootImgLib/AndroidBootImgLib/OUTPUT/AndroidBootImgLib.lib
/home/daijh/sdk/rk3588/uefi/Build/RK3588/DEBUG_GCC5/AARCH64/MdePkg/Library/DxeServicesTableLib/DxeServicesTableLib/OUTPUT/DxeServicesTableLib.lib
/home/daijh/sdk/rk3588/uefi/Build/RK3588/DEBUG_GCC5/AARCH64/MdePkg/Library/UefiApplicationEntryPoint/UefiApplicationEntryPoint/OUTPUT/UefiApplicationEntryPoint.lib
/home/daijh/sdk/rk3588/uefi/Build/RK3588/DEBUG_GCC5/AARCH64/ArmPkg/Library/CompilerIntrinsicsLib/CompilerIntrinsicsLib/OUTPUT/CompilerIntrinsicsLib.lib
/home/daijh/sdk/rk3588/uefi/Build/RK3588/DEBUG_GCC5/AARCH64/MdePkg/Library/BaseStackCheckLib/BaseStackCheckLib/OUTPUT/BaseStackCheckLib.lib