/home/daijh/sdk/rk3588/uefi/Build/RK3588/DEBUG_GCC5/AARCH64/EmbeddedPkg/RealTimeClockRuntimeDxe/RealTimeClockRuntimeDxe/OUTPUT/RealTimeClock.lib
/home/daijh/sdk/rk3588/uefi/Build/RK3588/DEBUG_GCC5/AARCH64/MdePkg/Library/BaseMemoryLibOptDxe/BaseMemoryLibOptDxe/OUTPUT/BaseMemoryLibOptDxe.lib
/home/daijh/sdk/rk3588/uefi/Build/RK3588/DEBUG_GCC5/AARCH64/MdePkg/Library/DxePcdLib/DxePcdLib/OUTPUT/DxePcdLib.lib
/home/daijh/sdk/rk3588/uefi/Build/RK3588/DEBUG_GCC5/AARCH64/MdePkg/Library/BaseLib/BaseLib/OUTPUT/BaseLib.lib
/home/daijh/sdk/rk3588/uefi/Build/RK3588/DEBUG_GCC5/AARCH64/MdePkg/Library/RegisterFilterLibNull/RegisterFilterLibNull/OUTPUT/FilterLibNull.lib
/home/daijh/sdk/rk3588/uefi/Build/RK3588/DEBUG_GCC5/AARCH64/MdePkg/Library/BaseIoLibIntrinsic/BaseIoLibIntrinsic/OUTPUT/BaseIoLibIntrinsic.lib
/home/daijh/sdk/rk3588/uefi/Build/RK3588/DEBUG_GCC5/AARCH64/Silicon/Rockchip/Library/SerialPortLib/UartLib/OUTPUT/UartLib.lib
/home/daijh/sdk/rk3588/uefi/Build/RK3588/DEBUG_GCC5/AARCH64/Silicon/Rockchip/Library/SerialPortLib/SerialPortLib/OUTPUT/SerialPortLib.lib
/home/daijh/sdk/rk3588/uefi/Build/RK3588/DEBUG_GCC5/AARCH64/MdePkg/Library/BasePrintLib/BasePrintLib/OUTPUT/BasePrintLib.lib
/home/daijh/sdk/rk3588/uefi/Build/RK3588/DEBUG_GCC5/AARCH64/MdePkg/Library/BaseDebugPrintErrorLevelLib/BaseDebugPrintErrorLevelLib/OUTPUT/BaseDebugPrintErrorLevelLib.lib
/home/daijh/sdk/rk3588/uefi/Build/RK3588/DEBUG_GCC5/AARCH64/MdePkg/Library/DxeRuntimeDebugLibSerialPort/DxeRuntimeDebugLibSerialPort/OUTPUT/DxeRuntimeDebugLibSerialPort.lib
/home/daijh/sdk/rk3588/uefi/Build/RK3588/DEBUG_GCC5/AARCH64/MdePkg/Library/UefiBootServicesTableLib/UefiBootServicesTableLib/OUTPUT/UefiBootServicesTableLib.lib
/home/daijh/sdk/rk3588/uefi/Build/RK3588/DEBUG_GCC5/AARCH64/ArmPkg/Library/ArmLib/ArmBaseLib/OUTPUT/ArmBaseLib.lib
/home/daijh/sdk/rk3588/uefi/Build/RK3588/DEBUG_GCC5/AARCH64/ArmPkg/Library/ArmGenericTimerPhyCounterLib/ArmGenericTimerPhyCounterLib/OUTPUT/ArmGenericTimerPhyCounterLib.lib
/home/daijh/sdk/rk3588/uefi/Build/RK3588/DEBUG_GCC5/AARCH64/MdePkg/Library/UefiRuntimeServicesTableLib/UefiRuntimeServicesTableLib/OUTPUT/UefiRuntimeServicesTableLib.lib
/home/daijh/sdk/rk3588/uefi/Build/RK3588/DEBUG_GCC5/AARCH64/ArmPkg/Library/ArmArchTimerLib/ArmArchTimerLib/OUTPUT/ArmArchTimerLib.lib
/home/daijh/sdk/rk3588/uefi/Build/RK3588/DEBUG_GCC5/AARCH64/MdePkg/Library/UefiRuntimeLib/UefiRuntimeLib/OUTPUT/UefiRuntimeLib.lib
/home/daijh/sdk/rk3588/uefi/Build/RK3588/DEBUG_GCC5/AARCH64/EmbeddedPkg/Library/TimeBaseLib/TimeBaseLib/OUTPUT/TimeBaseLib.lib
/home/daijh/sdk/rk3588/uefi/Build/RK3588/DEBUG_GCC5/AARCH64/EmbeddedPkg/Library/VirtualRealTimeClockLib/VirtualRealTimeClockLib/OUTPUT/VirtualRealTimeClockLib.lib
/home/daijh/sdk/rk3588/uefi/Build/RK3588/DEBUG_GCC5/AARCH64/MdePkg/Library/UefiDriverEntryPoint/UefiDriverEntryPoint/OUTPUT/UefiDriverEntryPoint.lib
/home/daijh/sdk/rk3588/uefi/Build/RK3588/DEBUG_GCC5/AARCH64/ArmPkg/Library/CompilerIntrinsicsLib/CompilerIntrinsicsLib/OUTPUT/CompilerIntrinsicsLib.lib
/home/daijh/sdk/rk3588/uefi/Build/RK3588/DEBUG_GCC5/AARCH64/MdePkg/Library/BaseStackCheckLib/BaseStackCheckLib/OUTPUT/BaseStackCheckLib.lib